<?xml version="1.0" encoding="UTF-8"?>
<!-- Generated by org.testng.reporters.JUnitReportReporter -->
<testsuite hostname="DESKTOP-FR921NH" failures="0" tests="10" name="com.mindtree.runner.BDDTestRunner" time="493.378" errors="0" timestamp="2022-01-19T22:59:22 IST" skipped="0">
  <testcase classname="com.mindtree.runner.BDDTestRunner" name="runScenario" time="61.597"/>
  <testcase classname="com.mindtree.runner.BDDTestRunner" name="runScenario" time="48.940"/>
  <testcase classname="com.mindtree.runner.BDDTestRunner" name="runScenario" time="83.763"/>
  <testcase classname="com.mindtree.runner.BDDTestRunner" name="runScenario" time="35.949"/>
  <testcase classname="com.mindtree.runner.BDDTestRunner" name="runScenario" time="59.148"/>
  <testcase classname="com.mindtree.runner.BDDTestRunner" name="runScenario" time="37.904"/>
  <testcase classname="com.mindtree.runner.BDDTestRunner" name="runScenario" time="46.328"/>
  <testcase classname="com.mindtree.runner.BDDTestRunner" name="runScenario" time="25.645"/>
  <testcase classname="com.mindtree.runner.BDDTestRunner" name="runScenario" time="64.498"/>
  <testcase classname="com.mindtree.runner.BDDTestRunner" name="runScenario" time="29.606"/>
</testsuite> <!-- com.mindtree.runner.BDDTestRunner -->
